[2026-04-02 12:38:47] [INFO] ============================================================
[2026-04-02 12:38:47] [INFO]   CEX OVERNIGHT FLYWHEEL
[2026-04-02 12:38:47] [INFO] ============================================================
[2026-04-02 12:38:47] [INFO] Started: 2026-04-02T12:38:47.4144463-03:00
[2026-04-02 12:38:47] [INFO] Budget:  2147483647 tokens
[2026-04-02 12:38:47] [INFO] Target:  9
[2026-04-02 12:38:47] [INFO] Thresh:  9
[2026-04-02 12:38:47] [INFO] Cycles:  max 2147483647
[2026-04-02 12:38:47] [INFO] Phase:   farm
[2026-04-02 12:38:47] [INFO] DryRun:  False
[2026-04-02 12:38:47] [INFO] Log:     C:\Users\PC\Documents\GitHub\cex\.cex\overnight\overnight_20260402_123847.log
[2026-04-02 12:38:47] [INFO] 
[2026-04-02 12:38:47] [INFO] ============================================================
[2026-04-02 12:38:47] [INFO]   FLYWHEEL CYCLE 1 / 2147483647
[2026-04-02 12:38:47] [INFO] ============================================================
[2026-04-02 12:38:47] [INFO] Budget remaining: 2147483647 tokens
[2026-04-02 12:38:47] [INFO] ============================================================
[2026-04-02 12:38:47] [INFO]   PHASE 1: BOOTSTRAP
[2026-04-02 12:38:47] [INFO] ============================================================
[2026-04-02 12:38:47] [INFO] N03 (Builder Architect): 0 artifacts. Bootstrapping...
[2026-04-02 12:38:47] [INFO]   Building: N03/agent -- create agent for creation nucleus
